<?xml version="1.0" encoding="UTF-8"?>
<robot generator="Robot 3.0.4 (Python 3.6.5 on win32)" generated="20181024 18:59:41.263">
<suite id="s1" name="Test" source="D:\Djangolearn\guest\rf_test\test.robot">
<test id="s1-t1" name="test_get_event_list">
<kw name="Create Dictionary" library="BuiltIn">
<doc>Creates and returns a dictionary based on the given ``items``.</doc>
<arguments>
<arg>eid=1</arg>
</arguments>
<assign>
<var>${payload}</var>
</assign>
<msg timestamp="20181024 18:59:41.388" level="INFO">${payload} = {'eid': '1'}</msg>
<status status="PASS" starttime="20181024 18:59:41.387" endtime="20181024 18:59:41.388"></status>
</kw>
<kw name="Create Session" library="RequestsLibrary">
<doc>Create Session: create a HTTP session to a server</doc>
<arguments>
<arg>event</arg>
<arg>http://127.0.0.1:8000/api</arg>
</arguments>
<msg timestamp="20181024 18:59:41.388" level="INFO">Creating Session using : alias=event, url=http://127.0.0.1:8000/api, headers={},                     cookies=None, auth=None, timeout=None, proxies=None, verify=False,                     debug=0 </msg>
<status status="PASS" starttime="20181024 18:59:41.388" endtime="20181024 18:59:41.388"></status>
</kw>
<kw name="Get Request" library="RequestsLibrary">
<doc>Send a GET request on the session object found using the</doc>
<arguments>
<arg>event</arg>
<arg>/get_event_list/</arg>
<arg>params=${payload}</arg>
</arguments>
<assign>
<var>${r}</var>
</assign>
<msg timestamp="20181024 18:59:41.466" level="INFO">Get Request using : alias=event, uri=/get_event_list/, headers=None json=None</msg>
<msg timestamp="20181024 18:59:41.466" level="INFO">${r} = &lt;Response [200]&gt;</msg>
<status status="PASS" starttime="20181024 18:59:41.388" endtime="20181024 18:59:41.466"></status>
</kw>
<kw name="Should Be Equal As Strings" library="BuiltIn">
<doc>Fails if objects are unequal after converting them to strings.</doc>
<arguments>
<arg>${r.status_code}</arg>
<arg>200</arg>
</arguments>
<msg timestamp="20181024 18:59:41.466" level="INFO">Argument types are:
&lt;class 'int'&gt;
&lt;type 'unicode'&gt;</msg>
<status status="PASS" starttime="20181024 18:59:41.466" endtime="20181024 18:59:41.466"></status>
</kw>
<kw name="Log" library="BuiltIn">
<doc>Logs the given message with the given level.</doc>
<arguments>
<arg>${r.json()}</arg>
</arguments>
<msg timestamp="20181024 18:59:41.467" level="INFO">{'status': 200, 'message': 'success', 'data': {'name': '小米8发布会', 'limit': 2000, 'status': True, 'address': '北京望京soho', 'start_time': '2018-10-19T01:44:57'}}</msg>
<status status="PASS" starttime="20181024 18:59:41.466" endtime="20181024 18:59:41.467"></status>
</kw>
<kw name="Set Variable" library="BuiltIn">
<doc>Returns the given values which can then be assigned to a variables.</doc>
<arguments>
<arg>${r.json()}</arg>
</arguments>
<assign>
<var>${dict}</var>
</assign>
<msg timestamp="20181024 18:59:41.467" level="INFO">${dict} = {'status': 200, 'message': 'success', 'data': {'name': '小米8发布会', 'limit': 2000, 'status': True, 'address': '北京望京soho', 'start_time': '2018-10-19T01:44:57'}}</msg>
<status status="PASS" starttime="20181024 18:59:41.467" endtime="20181024 18:59:41.467"></status>
</kw>
<kw name="Get From Dictionary" library="Collections">
<doc>Returns a value from the given ``dictionary`` based on the given ``key``.</doc>
<arguments>
<arg>${dict}</arg>
<arg>message</arg>
</arguments>
<assign>
<var>${msg}</var>
</assign>
<msg timestamp="20181024 18:59:41.467" level="INFO">${msg} = success</msg>
<status status="PASS" starttime="20181024 18:59:41.467" endtime="20181024 18:59:41.467"></status>
</kw>
<kw name="Should Be Equal" library="BuiltIn">
<doc>Fails if the given objects are unequal.</doc>
<arguments>
<arg>${msg}</arg>
<arg>success</arg>
</arguments>
<status status="PASS" starttime="20181024 18:59:41.467" endtime="20181024 18:59:41.468"></status>
</kw>
<status status="PASS" starttime="20181024 18:59:41.387" endtime="20181024 18:59:41.468" critical="yes"></status>
</test>
<test id="s1-t2" name="test_user_sign_success">
<kw name="Create Session" library="RequestsLibrary">
<doc>Create Session: create a HTTP session to a server</doc>
<arguments>
<arg>sign</arg>
<arg>http://127.0.0.1:8000/api</arg>
</arguments>
<msg timestamp="20181024 18:59:41.468" level="INFO">Creating Session using : alias=sign, url=http://127.0.0.1:8000/api, headers={},                     cookies=None, auth=None, timeout=None, proxies=None, verify=False,                     debug=0 </msg>
<status status="PASS" starttime="20181024 18:59:41.468" endtime="20181024 18:59:41.469"></status>
</kw>
<kw name="Create Dictionary" library="BuiltIn">
<doc>Creates and returns a dictionary based on the given ``items``.</doc>
<arguments>
<arg>Content-Type=application/x-www-form-urlencoded</arg>
</arguments>
<assign>
<var>${headers}</var>
</assign>
<msg timestamp="20181024 18:59:41.469" level="INFO">${headers} = {'Content-Type': 'application/x-www-form-urlencoded'}</msg>
<status status="PASS" starttime="20181024 18:59:41.469" endtime="20181024 18:59:41.469"></status>
</kw>
<kw name="Create Dictionary" library="BuiltIn">
<doc>Creates and returns a dictionary based on the given ``items``.</doc>
<arguments>
<arg>eid=11</arg>
<arg>phone=13122002200</arg>
</arguments>
<assign>
<var>${payload}</var>
</assign>
<msg timestamp="20181024 18:59:41.470" level="INFO">${payload} = {'eid': '11', 'phone': '13122002200'}</msg>
<status status="PASS" starttime="20181024 18:59:41.469" endtime="20181024 18:59:41.470"></status>
</kw>
<kw name="Post Request" library="RequestsLibrary">
<doc>Send a POST request on the session object found using the</doc>
<arguments>
<arg>sign</arg>
<arg>/user_sign/</arg>
<arg>data=${payload}</arg>
<arg>headers=${headers}</arg>
</arguments>
<assign>
<var>${r}</var>
</assign>
<msg timestamp="20181024 18:59:41.504" level="INFO">Post Request using : alias=sign, uri=/user_sign/, data=eid=11&amp;phone=13122002200, headers={'Content-Type': 'application/x-www-form-urlencoded'}, files=None, allow_redirects=True </msg>
<msg timestamp="20181024 18:59:41.504" level="INFO">${r} = &lt;Response [200]&gt;</msg>
<status status="PASS" starttime="20181024 18:59:41.470" endtime="20181024 18:59:41.504"></status>
</kw>
<kw name="Should Be Equal As Strings" library="BuiltIn">
<doc>Fails if objects are unequal after converting them to strings.</doc>
<arguments>
<arg>${r.status_code}</arg>
<arg>200</arg>
</arguments>
<msg timestamp="20181024 18:59:41.504" level="INFO">Argument types are:
&lt;class 'int'&gt;
&lt;type 'unicode'&gt;</msg>
<status status="PASS" starttime="20181024 18:59:41.504" endtime="20181024 18:59:41.504"></status>
</kw>
<kw name="Log" library="BuiltIn">
<doc>Logs the given message with the given level.</doc>
<arguments>
<arg>${r.json()}</arg>
</arguments>
<msg timestamp="20181024 18:59:41.505" level="INFO">{'status': '10024', 'message': 'event has started'}</msg>
<status status="PASS" starttime="20181024 18:59:41.504" endtime="20181024 18:59:41.505"></status>
</kw>
<kw name="Set Variable" library="BuiltIn">
<doc>Returns the given values which can then be assigned to a variables.</doc>
<arguments>
<arg>${r.json()}</arg>
</arguments>
<assign>
<var>${dict}</var>
</assign>
<msg timestamp="20181024 18:59:41.505" level="INFO">${dict} = {'status': '10024', 'message': 'event has started'}</msg>
<status status="PASS" starttime="20181024 18:59:41.505" endtime="20181024 18:59:41.505"></status>
</kw>
<kw name="Get From Dictionary" library="Collections">
<doc>Returns a value from the given ``dictionary`` based on the given ``key``.</doc>
<arguments>
<arg>${dict}</arg>
<arg>message</arg>
</arguments>
<assign>
<var>${msg}</var>
</assign>
<msg timestamp="20181024 18:59:41.505" level="INFO">${msg} = event has started</msg>
<status status="PASS" starttime="20181024 18:59:41.505" endtime="20181024 18:59:41.505"></status>
</kw>
<kw name="Should Be Equal" library="BuiltIn">
<doc>Fails if the given objects are unequal.</doc>
<arguments>
<arg>${msg}</arg>
<arg>sign success</arg>
</arguments>
<msg timestamp="20181024 18:59:41.506" level="FAIL">event has started != sign success</msg>
<status status="FAIL" starttime="20181024 18:59:41.505" endtime="20181024 18:59:41.506"></status>
</kw>
<status status="FAIL" starttime="20181024 18:59:41.468" endtime="20181024 18:59:41.506" critical="yes">event has started != sign success</status>
</test>
<status status="FAIL" starttime="20181024 18:59:41.268" endtime="20181024 18:59:41.506"></status>
</suite>
<statistics>
<total>
<stat pass="1" fail="1">Critical Tests</stat>
<stat pass="1" fail="1">All Tests</stat>
</total>
<tag>
</tag>
<suite>
<stat pass="1" fail="1" id="s1" name="Test">Test</stat>
</suite>
</statistics>
<errors>
</errors>
</robot>
